2024-06-11 20:38:02 - Error: Could not load model Opencart\Catalog\Model\Product\Product! in /home/u239700068/domains/mercabarat.com/public_html/system/engine/loader.php on line 177
2024-06-11 20:38:04 - Error: Could not load model Opencart\Catalog\Model\Product\Product! in /home/u239700068/domains/mercabarat.com/public_html/system/engine/loader.php on line 177
2024-06-11 20:38:15 - Error: Could not load model Opencart\Catalog\Model\Product\Product! in /home/u239700068/domains/mercabarat.com/public_html/system/engine/loader.php on line 177
2024-06-11 20:38:16 - Error: Could not load model Opencart\Catalog\Model\Product\Product! in /home/u239700068/domains/mercabarat.com/public_html/system/engine/loader.php on line 177
2024-06-11 20:55:09 - 0:  Error: RCPT TO not accepted from server!
File: /home/u239700068/domains/mercabarat.com/public_html/system/library/mail/smtp.php
Line: 223

2024-06-11 20:55:18 - 0:  Error: RCPT TO not accepted from server!
File: /home/u239700068/domains/mercabarat.com/public_html/system/library/mail/smtp.php
Line: 223

2024-06-12 05:06:58 - PHP Warning:  mysqli::__construct(): (HY000/2002): No connection could be made because the target machine actively refused it in C:\xampp\htdocs\opencart\system\library\db\mysqli.php on line 29
2024-06-12 05:06:58 - mysqli object is already closed: in C:\xampp\htdocs\opencart\system\library\db\mysqli.php on line 32
2024-06-12 05:07:31 - PHP Warning:  mysqli::__construct(): (HY000/1045): Access denied for user 'u239700068_rZ1h8'@'190.90.102.56' (using password: YES) in C:\xampp\htdocs\opencart\system\library\db\mysqli.php on line 29
2024-06-12 05:07:31 - mysqli object is already closed: in C:\xampp\htdocs\opencart\system\library\db\mysqli.php on line 32
2024-06-12 05:09:40 - PHP Warning:  mysqli::__construct(): (HY000/2002): No connection could be made because the target machine actively refused it in C:\xampp\htdocs\opencart\system\library\db\mysqli.php on line 29
2024-06-12 05:09:40 - mysqli object is already closed: in C:\xampp\htdocs\opencart\system\library\db\mysqli.php on line 32
2024-06-12 00:39:12 - PHP Warning:  Undefined array key "user_token" in C:\xampp\htdocs\opencart\catalog\controller\account\register.php on line 109
2024-06-12 01:03:51 - PHP Warning:  Undefined array key "image" in C:\xampp\htdocs\opencart\catalog\model\user\user.php on line 16
2024-06-12 01:06:43 - Error: Could not call registry key model_tool_image! in C:\xampp\htdocs\opencart\system\engine\controller.php on line 39
2024-06-12 01:08:05 - PHP Warning:  Undefined array key "image" in C:\xampp\htdocs\opencart\catalog\controller\account\register.php on line 107
2024-06-12 01:08:48 - PHP Warning:  Undefined array key "image" in C:\xampp\htdocs\opencart\catalog\controller\account\register.php on line 107
2024-06-12 01:28:36 - PHP Warning: Undefined array key "user_id"
File: C:\xampp\htdocs\opencart\qma1rloxtrjoarbc\model\catalog\product.php
Line: 15

2024-06-12 01:29:01 - PHP Warning: Undefined array key "user_id"
File: C:\xampp\htdocs\opencart\qma1rloxtrjoarbc\model\catalog\product.php
Line: 15

2024-06-12 01:29:40 - PHP Warning: Undefined array key "user_id"
File: C:\xampp\htdocs\opencart\qma1rloxtrjoarbc\model\catalog\product.php
Line: 15

2024-06-12 14:38:59 - Error: Could not load database adaptor !: in C:\xampp\htdocs\opencart\system\library\db.php on line 36
2024-06-12 14:39:27 - PHP Warning:  mysqli::__construct(): (HY000/2002): No connection could be made because the target machine actively refused it in C:\xampp\htdocs\opencart\system\library\db\mysqli.php on line 29
2024-06-12 14:39:27 - mysqli object is already closed: in C:\xampp\htdocs\opencart\system\library\db\mysqli.php on line 32
2024-06-12 14:40:22 - PHP Warning:  mysqli::__construct(): (HY000/2002): No connection could be made because the target machine actively refused it in C:\xampp\htdocs\opencart\system\library\db\mysqli.php on line 29
2024-06-12 14:40:22 - mysqli object is already closed: in C:\xampp\htdocs\opencart\system\library\db\mysqli.php on line 32
2024-06-12 14:40:34 - PHP Warning:  mysqli::__construct(): (HY000/2002): No connection could be made because the target machine actively refused it in C:\xampp\htdocs\opencart\system\library\db\mysqli.php on line 29
2024-06-12 14:40:34 - mysqli object is already closed: in C:\xampp\htdocs\opencart\system\library\db\mysqli.php on line 32
2024-06-12 14:41:00 - PHP Warning:  mysqli::__construct(): (HY000/2002): No connection could be made because the target machine actively refused it in C:\xampp\htdocs\opencart\system\library\db\mysqli.php on line 29
2024-06-12 14:41:00 - mysqli object is already closed: in C:\xampp\htdocs\opencart\system\library\db\mysqli.php on line 32
2024-06-12 14:41:21 - PHP Warning:  mysqli::__construct(): (HY000/2002): No connection could be made because the target machine actively refused it in C:\xampp\htdocs\opencart\system\library\db\mysqli.php on line 29
2024-06-12 14:41:21 - mysqli object is already closed: in C:\xampp\htdocs\opencart\system\library\db\mysqli.php on line 32
2024-06-12 19:46:04 - Error: Could not load database adaptor !: in C:\xampp\htdocs\classifieds\system\library\db.php on line 36
2024-06-12 14:58:01 - PHP Warning:  Undefined array key "image" in C:\xampp\htdocs\classifieds\catalog\controller\account\register.php on line 107
2024-06-12 14:58:01 - PHP Unknown:  html_entity_decode(): Passing null to parameter #1 ($string) of type string is deprecated in C:\xampp\htdocs\classifieds\catalog\controller\account\register.php on line 107
2024-06-12 20:29:35 - PHP Warning: Undefined array key "image"
File: C:\xampp\htdocs\classifieds\qma1rloxtrjoarbc\model\user\user.php
Line: 27

2024-06-12 20:33:06 - PHP Warning:  Undefined array key "image" in C:\xampp\htdocs\classifieds\catalog\controller\account\register.php on line 107
2024-06-12 20:33:06 - PHP Unknown:  html_entity_decode(): Passing null to parameter #1 ($string) of type string is deprecated in C:\xampp\htdocs\classifieds\catalog\controller\account\register.php on line 107
2024-06-13 20:59:10 - PHP Warning:  Undefined array key "image" in C:\xampp\htdocs\classifieds\catalog\controller\account\register.php on line 107
2024-06-13 20:59:10 - PHP Unknown:  html_entity_decode(): Passing null to parameter #1 ($string) of type string is deprecated in C:\xampp\htdocs\classifieds\catalog\controller\account\register.php on line 107
2024-06-13 21:01:22 - PHP Warning:  Undefined array key "image" in C:\xampp\htdocs\classifieds\catalog\controller\account\register.php on line 107
2024-06-13 21:01:22 - PHP Unknown:  html_entity_decode(): Passing null to parameter #1 ($string) of type string is deprecated in C:\xampp\htdocs\classifieds\catalog\controller\account\register.php on line 107
2024-06-13 21:02:09 - PHP Warning:  Undefined array key "image" in C:\xampp\htdocs\classifieds\catalog\controller\account\register.php on line 107
2024-06-13 21:02:09 - PHP Unknown:  html_entity_decode(): Passing null to parameter #1 ($string) of type string is deprecated in C:\xampp\htdocs\classifieds\catalog\controller\account\register.php on line 107
2024-06-13 21:02:10 - PHP Warning:  Undefined array key "image" in C:\xampp\htdocs\classifieds\catalog\controller\account\register.php on line 107
2024-06-13 21:02:10 - PHP Unknown:  html_entity_decode(): Passing null to parameter #1 ($string) of type string is deprecated in C:\xampp\htdocs\classifieds\catalog\controller\account\register.php on line 107
2024-06-13 21:07:01 - PHP Warning:  Undefined array key "image" in C:\xampp\htdocs\classifieds\catalog\controller\account\register.php on line 107
2024-06-13 21:07:01 - PHP Unknown:  html_entity_decode(): Passing null to parameter #1 ($string) of type string is deprecated in C:\xampp\htdocs\classifieds\catalog\controller\account\register.php on line 107
2024-06-13 21:07:49 - PHP Warning:  Undefined array key "image" in C:\xampp\htdocs\classifieds\catalog\controller\account\register.php on line 107
2024-06-13 21:07:49 - PHP Unknown:  html_entity_decode(): Passing null to parameter #1 ($string) of type string is deprecated in C:\xampp\htdocs\classifieds\catalog\controller\account\register.php on line 107
2024-06-13 21:09:03 - PHP Warning:  Undefined array key "image" in C:\xampp\htdocs\classifieds\catalog\controller\account\register.php on line 107
2024-06-13 21:09:03 - PHP Unknown:  html_entity_decode(): Passing null to parameter #1 ($string) of type string is deprecated in C:\xampp\htdocs\classifieds\catalog\controller\account\register.php on line 107
2024-06-13 21:11:10 - PHP Warning:  Undefined array key "image" in C:\xampp\htdocs\classifieds\catalog\controller\account\register.php on line 107
2024-06-13 21:11:10 - PHP Unknown:  html_entity_decode(): Passing null to parameter #1 ($string) of type string is deprecated in C:\xampp\htdocs\classifieds\catalog\controller\account\register.php on line 107
2024-06-13 21:13:47 - PHP Warning:  Undefined array key "image" in C:\xampp\htdocs\classifieds\catalog\controller\account\register.php on line 107
2024-06-13 21:13:47 - PHP Unknown:  html_entity_decode(): Passing null to parameter #1 ($string) of type string is deprecated in C:\xampp\htdocs\classifieds\catalog\controller\account\register.php on line 107
2024-06-13 21:19:00 - PHP Warning:  Undefined array key "image" in C:\xampp\htdocs\classifieds\catalog\controller\account\register.php on line 107
2024-06-13 21:19:00 - PHP Unknown:  html_entity_decode(): Passing null to parameter #1 ($string) of type string is deprecated in C:\xampp\htdocs\classifieds\catalog\controller\account\register.php on line 107
2024-06-13 21:19:21 - PHP Warning:  Undefined array key "image" in C:\xampp\htdocs\classifieds\catalog\controller\account\register.php on line 107
2024-06-13 21:19:21 - PHP Unknown:  html_entity_decode(): Passing null to parameter #1 ($string) of type string is deprecated in C:\xampp\htdocs\classifieds\catalog\controller\account\register.php on line 107
2024-06-13 21:21:55 - PHP Warning:  Undefined array key "image" in C:\xampp\htdocs\classifieds\catalog\controller\account\register.php on line 107
2024-06-13 21:21:55 - PHP Unknown:  html_entity_decode(): Passing null to parameter #1 ($string) of type string is deprecated in C:\xampp\htdocs\classifieds\catalog\controller\account\register.php on line 107
2024-06-13 21:23:21 - PHP Warning:  Undefined array key "image" in C:\xampp\htdocs\classifieds\catalog\controller\account\register.php on line 107
2024-06-13 21:23:21 - PHP Unknown:  html_entity_decode(): Passing null to parameter #1 ($string) of type string is deprecated in C:\xampp\htdocs\classifieds\catalog\controller\account\register.php on line 107
2024-06-13 21:24:08 - PHP Warning:  Undefined array key "image" in C:\xampp\htdocs\classifieds\catalog\controller\account\register.php on line 107
2024-06-13 21:24:08 - PHP Unknown:  html_entity_decode(): Passing null to parameter #1 ($string) of type string is deprecated in C:\xampp\htdocs\classifieds\catalog\controller\account\register.php on line 107
2024-06-13 21:27:47 - PHP Warning:  Undefined array key "image" in C:\xampp\htdocs\classifieds\catalog\controller\account\register.php on line 107
2024-06-13 21:27:47 - PHP Unknown:  html_entity_decode(): Passing null to parameter #1 ($string) of type string is deprecated in C:\xampp\htdocs\classifieds\catalog\controller\account\register.php on line 107
2024-06-13 21:30:06 - PHP Warning:  Undefined array key "image" in C:\xampp\htdocs\classifieds\catalog\controller\account\register.php on line 107
2024-06-13 21:30:06 - PHP Unknown:  html_entity_decode(): Passing null to parameter #1 ($string) of type string is deprecated in C:\xampp\htdocs\classifieds\catalog\controller\account\register.php on line 107
2024-06-13 21:34:01 - PHP Warning:  Undefined array key "image" in C:\xampp\htdocs\classifieds\catalog\controller\account\register.php on line 107
2024-06-13 21:34:01 - PHP Unknown:  html_entity_decode(): Passing null to parameter #1 ($string) of type string is deprecated in C:\xampp\htdocs\classifieds\catalog\controller\account\register.php on line 107
2024-06-13 21:34:34 - PHP Warning:  Undefined array key "image" in C:\xampp\htdocs\classifieds\catalog\controller\account\register.php on line 107
2024-06-13 21:34:34 - PHP Unknown:  html_entity_decode(): Passing null to parameter #1 ($string) of type string is deprecated in C:\xampp\htdocs\classifieds\catalog\controller\account\register.php on line 107
2024-06-13 21:37:15 - PHP Warning:  Undefined array key "image" in C:\xampp\htdocs\classifieds\catalog\controller\account\register.php on line 107
2024-06-13 21:37:15 - PHP Unknown:  html_entity_decode(): Passing null to parameter #1 ($string) of type string is deprecated in C:\xampp\htdocs\classifieds\catalog\controller\account\register.php on line 107
2024-06-13 21:38:21 - PHP Warning:  Undefined array key "image" in C:\xampp\htdocs\classifieds\catalog\controller\account\register.php on line 107
2024-06-13 21:38:21 - PHP Unknown:  html_entity_decode(): Passing null to parameter #1 ($string) of type string is deprecated in C:\xampp\htdocs\classifieds\catalog\controller\account\register.php on line 107
